[2017-08-07 17:34:58.121] [INFO] access - GET / 304
[2017-08-07 17:34:58.262] [INFO] access - GET /public/css/common/swiper-3.4.2.min.css 304
[2017-08-07 17:34:58.265] [INFO] access - GET /public/css/common/reset.min.css 200
[2017-08-07 17:34:58.267] [INFO] access - GET /public/css/s_index.min.css 200
[2017-08-07 17:34:58.269] [INFO] access - GET /public/js/common/jquery-1.9.1.min.js 304
[2017-08-07 17:34:58.370] [INFO] access - GET /public/js/common/fixedQQ.js 304
[2017-08-07 17:34:58.433] [INFO] access - GET /public/js/common/swiper-3.4.2.min.js 304
[2017-08-07 17:34:58.434] [INFO] access - GET /public/js/common/s_nav.js 304
[2017-08-07 17:34:58.434] [INFO] access - GET /public/js/common/jquery.validate.js 304
[2017-08-07 17:34:58.434] [INFO] access - GET /public/js/common/common.utils.js 304
[2017-08-07 17:34:58.435] [INFO] access - GET /public/js/s_index.js 304
[2017-08-07 17:34:58.637] [INFO] access - POST /ajax_status 200
[2017-08-07 17:34:58.656] [INFO] access - POST /quick_login 200
[2017-08-07 17:34:58.658] [INFO] access - POST /check_login 200
[2017-08-07 17:34:58.672] [INFO] access - POST /getPlatformData 200
[2017-08-07 17:34:58.713] [INFO] access - POST /product_list 200
[2017-08-07 17:34:58.745] [INFO] access - GET /public/js/common/s_quickLogin.js?_=1502098498346 200
[2017-08-07 17:34:58.811] [INFO] access - GET /public/css/common/s_productList.min.css 200
[2017-08-07 17:34:58.818] [INFO] access - GET /public/js/common/s_productList.js?_=1502098498347 200
[2017-08-07 17:34:58.825] [INFO] access - GET /getImg 200
[2017-08-07 17:34:59.199] [INFO] access - GET /public/css/common/reset.min.css?rel=1502098499193 200
[2017-08-07 17:34:59.207] [INFO] access - GET / 304
[2017-08-07 17:34:59.225] [INFO] access - GET /public/css/common/swiper-3.4.2.min.css 304
[2017-08-07 17:34:59.226] [INFO] access - GET /public/css/s_index.min.css 304
[2017-08-07 17:34:59.229] [INFO] access - GET /public/js/common/jquery-1.9.1.min.js 304
[2017-08-07 17:34:59.229] [INFO] access - GET /public/css/common/reset.min.css 200
[2017-08-07 17:34:59.235] [INFO] access - GET /public/js/common/fixedQQ.js 304
[2017-08-07 17:34:59.243] [INFO] access - GET /public/js/common/s_nav.js 304
[2017-08-07 17:34:59.259] [INFO] access - GET /public/js/common/swiper-3.4.2.min.js 304
[2017-08-07 17:34:59.266] [INFO] access - GET /public/js/common/jquery.validate.js 304
[2017-08-07 17:34:59.268] [INFO] access - GET /public/js/common/common.utils.js 304
[2017-08-07 17:34:59.271] [INFO] access - GET /public/js/s_index.js 304
[2017-08-07 17:34:59.303] [INFO] access - GET /public/css/common/s_productList.min.css?rel=1502098499298 200
[2017-08-07 17:34:59.427] [INFO] access - POST /ajax_status 200
[2017-08-07 17:34:59.452] [INFO] access - POST /quick_login 200
[2017-08-07 17:34:59.454] [INFO] access - POST /check_login 200
[2017-08-07 17:34:59.467] [INFO] access - POST /getPlatformData 200
[2017-08-07 17:34:59.475] [INFO] access - POST /product_list 200
[2017-08-07 17:34:59.498] [INFO] access - GET /public/js/common/s_quickLogin.js?_=1502098499249 200
[2017-08-07 17:34:59.515] [INFO] access - GET /public/js/common/s_productList.js?_=1502098499250 200
[2017-08-07 17:34:59.516] [INFO] access - GET /public/css/common/s_productList.min.css 200
[2017-08-07 17:34:59.525] [INFO] access - GET /getImg 200
[2017-08-07 17:35:01.628] [INFO] access - GET / 304
[2017-08-07 17:35:01.651] [INFO] access - GET /public/css/common/reset.min.css 304
[2017-08-07 17:35:01.652] [INFO] access - GET /public/css/common/swiper-3.4.2.min.css 304
[2017-08-07 17:35:01.652] [INFO] access - GET /public/css/s_index.min.css 304
[2017-08-07 17:35:01.653] [INFO] access - GET /public/js/common/jquery-1.9.1.min.js 304
[2017-08-07 17:35:01.659] [INFO] access - GET /public/js/common/fixedQQ.js 304
[2017-08-07 17:35:01.662] [INFO] access - GET /public/js/common/s_nav.js 304
[2017-08-07 17:35:01.666] [INFO] access - GET /public/js/common/swiper-3.4.2.min.js 304
[2017-08-07 17:35:01.674] [INFO] access - GET /public/js/common/jquery.validate.js 304
[2017-08-07 17:35:01.678] [INFO] access - GET /public/js/common/common.utils.js 304
[2017-08-07 17:35:01.683] [INFO] access - GET /public/js/s_index.js 304
[2017-08-07 17:35:01.702] [INFO] access - POST /ajax_status 200
[2017-08-07 17:35:01.719] [INFO] access - POST /quick_login 200
[2017-08-07 17:35:01.719] [INFO] access - POST /check_login 200
[2017-08-07 17:35:01.732] [INFO] access - POST /getPlatformData 200
[2017-08-07 17:35:01.738] [INFO] access - POST /product_list 200
[2017-08-07 17:35:01.758] [INFO] access - GET /public/js/common/s_quickLogin.js?_=1502098501677 200
[2017-08-07 17:35:01.770] [INFO] access - GET /public/css/common/s_productList.min.css 304
[2017-08-07 17:35:01.771] [INFO] access - GET /public/js/common/s_productList.js?_=1502098501678 200
[2017-08-07 17:35:01.933] [INFO] access - GET /getImg 200
[2017-08-07 17:35:01.954] [INFO] access - GET /favicon.ico 200
[2017-08-07 17:35:06.108] [INFO] access - GET /borrower/ 302
[2017-08-07 17:35:06.130] [INFO] access - GET /borrower/login 304
[2017-08-07 17:35:06.147] [INFO] access - GET /public/css/common/reset.min.css 304
[2017-08-07 17:35:06.148] [INFO] access - GET /public/js/common/jquery-1.9.1.min.js 304
[2017-08-07 17:35:06.149] [INFO] access - GET /public/css/borrower/account.css 304
[2017-08-07 17:35:06.149] [INFO] access - GET /public/css/borrower/common.css 304
[2017-08-07 17:35:06.150] [INFO] access - GET /public/css/common/fixedQQ.min.css 200
[2017-08-07 17:35:06.166] [INFO] access - GET /public/js/common/jquery.validate.js 304
[2017-08-07 17:35:06.167] [INFO] access - GET /public/js/common/common.utils.js 304
[2017-08-07 17:35:06.167] [INFO] access - GET /public/js/borrower/login.js 304
[2017-08-07 17:35:06.171] [INFO] access - GET /public/js/common/fixedQQ.js 304
[2017-08-07 17:35:06.184] [INFO] access - GET /getImg 200
[2017-08-07 17:35:13.584] [INFO] access - POST /borrower_login 200
[2017-08-07 17:35:14.647] [INFO] access - GET /borrower/ 200
[2017-08-07 17:35:14.676] [INFO] access - GET /public/css/borrower/common.css 304
[2017-08-07 17:35:14.677] [INFO] access - GET /public/css/common/reset.min.css 304
[2017-08-07 17:35:14.678] [INFO] access - GET /public/css/borrower/account.css 304
[2017-08-07 17:35:14.678] [INFO] access - GET /public/js/common/jquery-1.9.1.min.js 304
[2017-08-07 17:35:14.678] [INFO] access - GET /public/css/common/fixedQQ.min.css 304
[2017-08-07 17:35:14.680] [INFO] access - GET /public/css/common/s_pagination.min.css 200
[2017-08-07 17:35:14.683] [INFO] access - GET /public/js/borrower/loginOut.js 304
[2017-08-07 17:35:14.688] [INFO] access - GET /public/js/common/jquery.pagination.js 304
[2017-08-07 17:35:14.694] [INFO] access - GET /public/js/borrower/index.js 200
[2017-08-07 17:35:14.697] [INFO] access - GET /public/js/common/fixedQQ.js 304
[2017-08-07 17:35:14.698] [INFO] access - GET /public/images/avatar.png 304
[2017-08-07 17:35:14.699] [INFO] access - GET /public/images/icon.png 304
[2017-08-07 17:35:14.722] [INFO] access - GET /public/images/cost_overage.png 304
[2017-08-07 17:35:14.723] [INFO] access - GET /public/images/cost_pay.jpg 304
[2017-08-07 17:35:14.777] [INFO] access - POST /bid/bid_list 200
[2017-08-07 17:35:16.266] [INFO] access - POST /project/project_list 200
[2017-08-07 17:35:26.316] [INFO] access - POST /bid/bid_list 200
[2017-08-07 17:35:53.183] [INFO] access - GET /borrower/accountDetail 304
[2017-08-07 17:35:53.213] [INFO] access - GET /public/css/common/reset.min.css 304
[2017-08-07 17:35:53.214] [INFO] access - GET /public/css/common/fixedQQ.min.css 304
[2017-08-07 17:35:53.214] [INFO] access - GET /public/js/common/jquery-1.9.1.min.js 304
[2017-08-07 17:35:53.215] [INFO] access - GET /public/css/borrower/common.css 304
[2017-08-07 17:35:53.215] [INFO] access - GET /public/css/borrower/account.css 304
[2017-08-07 17:35:53.216] [INFO] access - GET /public/css/common/s_pagination.min.css 304
[2017-08-07 17:35:53.221] [INFO] access - GET /public/js/borrower/loginOut.js 304
[2017-08-07 17:35:53.230] [INFO] access - GET /public/js/common/jquery.pagination.js 304
[2017-08-07 17:35:53.232] [INFO] access - GET /public/js/common/fixedQQ.js 304
[2017-08-07 17:35:53.232] [INFO] access - GET /public/images/avatar.png 304
[2017-08-07 17:35:53.233] [INFO] access - GET /public/images/icon.png 304
[2017-08-07 17:35:53.235] [INFO] access - GET /public/js/borrower/accountDetail.js 200
[2017-08-07 17:35:53.293] [INFO] access - POST /borrower/account_list 200
[2017-08-07 17:35:59.108] [INFO] access - GET /borrower/account/index 304
[2017-08-07 17:35:59.145] [INFO] access - GET /public/css/common/reset.min.css 304
[2017-08-07 17:35:59.146] [INFO] access - GET /public/css/borrower/account.css 304
[2017-08-07 17:35:59.147] [INFO] access - GET /public/css/borrower/common.css 304
[2017-08-07 17:35:59.154] [INFO] access - GET /public/css/common/fixedQQ.min.css 304
[2017-08-07 17:35:59.156] [INFO] access - GET /public/js/common/jquery-1.9.1.min.js 304
[2017-08-07 17:35:59.158] [INFO] access - GET /public/js/borrower/loginOut.js 304
[2017-08-07 17:35:59.162] [INFO] access - GET /public/js/common/fixedQQ.js 304
[2017-08-07 17:35:59.166] [INFO] access - GET /public/images/avatar.png 304
[2017-08-07 17:35:59.173] [INFO] access - GET /public/images/icon.png 304
[2017-08-07 17:36:00.811] [INFO] access - GET /borrower/account/changePassword 304
[2017-08-07 17:36:00.851] [INFO] access - GET /public/css/common/reset.min.css 304
[2017-08-07 17:36:00.852] [INFO] access - GET /public/css/borrower/common.css 304
[2017-08-07 17:36:00.853] [INFO] access - GET /public/css/borrower/account.css 304
[2017-08-07 17:36:00.854] [INFO] access - GET /public/css/common/fixedQQ.min.css 304
[2017-08-07 17:36:00.854] [INFO] access - GET /public/js/common/jquery-1.9.1.min.js 304
[2017-08-07 17:36:00.863] [INFO] access - GET /public/js/borrower/loginOut.js 304
[2017-08-07 17:36:00.872] [INFO] access - GET /public/js/common/jquery.validate.js 304
[2017-08-07 17:36:00.872] [INFO] access - GET /public/js/common/common.utils.js 304
[2017-08-07 17:36:00.877] [INFO] access - GET /public/js/borrower/changePassword.js 304
[2017-08-07 17:36:00.878] [INFO] access - GET /public/images/avatar.png 304
[2017-08-07 17:36:00.878] [INFO] access - GET /public/js/common/fixedQQ.js 304
[2017-08-07 17:36:03.944] [INFO] access - GET /borrower/ 304
[2017-08-07 17:36:03.983] [INFO] access - GET /public/css/common/reset.min.css 304
[2017-08-07 17:36:03.988] [INFO] access - GET /public/css/borrower/common.css 304
[2017-08-07 17:36:03.988] [INFO] access - GET /public/css/borrower/account.css 304
[2017-08-07 17:36:03.988] [INFO] access - GET /public/css/common/s_pagination.min.css 304
[2017-08-07 17:36:03.989] [INFO] access - GET /public/css/common/fixedQQ.min.css 304
[2017-08-07 17:36:03.990] [INFO] access - GET /public/js/common/jquery-1.9.1.min.js 304
[2017-08-07 17:36:03.993] [INFO] access - GET /public/js/borrower/loginOut.js 304
[2017-08-07 17:36:03.996] [INFO] access - GET /public/js/common/jquery.pagination.js 304
[2017-08-07 17:36:04.000] [INFO] access - GET /public/js/borrower/index.js 304
[2017-08-07 17:36:04.006] [INFO] access - GET /public/js/common/fixedQQ.js 304
[2017-08-07 17:36:04.007] [INFO] access - GET /public/images/avatar.png 304
[2017-08-07 17:36:04.017] [INFO] access - GET /public/images/cost_overage.png 304
[2017-08-07 17:36:04.019] [INFO] access - GET /public/images/cost_pay.jpg 304
[2017-08-07 17:36:04.071] [INFO] access - POST /bid/bid_list 200
[2017-08-07 17:36:05.113] [INFO] access - GET /borrower/recharge 200
[2017-08-07 17:36:05.138] [INFO] access - GET /public/css/common/reset.min.css 304
[2017-08-07 17:36:05.139] [INFO] access - GET /public/css/borrower/common.css 304
[2017-08-07 17:36:05.139] [INFO] access - GET /public/css/borrower/account.css 304
[2017-08-07 17:36:05.141] [INFO] access - GET /public/js/common/jquery-1.9.1.min.js 304
[2017-08-07 17:36:05.142] [INFO] access - GET /public/css/common/fixedQQ.min.css 304
[2017-08-07 17:36:05.147] [INFO] access - GET /public/js/common/jquery.validate.js 304
[2017-08-07 17:36:05.166] [INFO] access - GET /public/js/common/common.utils.js 304
[2017-08-07 17:36:05.166] [INFO] access - GET /public/js/borrower/recharge.js 304
[2017-08-07 17:36:05.169] [INFO] access - GET /public/js/common/fixedQQ.js 304
[2017-08-07 17:36:05.179] [INFO] access - GET /public/images/icon.png 304
[2017-08-07 17:36:06.752] [INFO] access - POST /bid/bid_list 200
[2017-08-07 17:36:07.737] [INFO] access - GET /borrower/withdraw 200
[2017-08-07 17:36:07.770] [INFO] access - GET /public/css/common/reset.min.css 304
[2017-08-07 17:36:07.770] [INFO] access - GET /public/js/common/jquery-1.9.1.min.js 304
[2017-08-07 17:36:07.771] [INFO] access - GET /public/css/borrower/common.css 304
[2017-08-07 17:36:07.771] [INFO] access - GET /public/css/borrower/account.css 304
[2017-08-07 17:36:07.772] [INFO] access - GET /public/css/common/fixedQQ.min.css 304
[2017-08-07 17:36:07.778] [INFO] access - GET /public/js/common/jquery.validate.js 304
[2017-08-07 17:36:07.787] [INFO] access - GET /public/js/common/common.utils.js 304
[2017-08-07 17:36:07.788] [INFO] access - GET /public/js/borrower/withdraw.js 304
[2017-08-07 17:36:07.788] [INFO] access - GET /public/js/common/fixedQQ.js 304
[2017-08-07 17:36:10.554] [INFO] access - POST /bid/bid_list 200
[2017-08-07 17:36:11.978] [INFO] access - GET /borrower/recharge 200
[2017-08-07 17:36:12.007] [INFO] access - GET /public/css/common/reset.min.css 304
[2017-08-07 17:36:12.009] [INFO] access - GET /public/css/borrower/common.css 304
[2017-08-07 17:36:12.010] [INFO] access - GET /public/js/common/jquery-1.9.1.min.js 304
[2017-08-07 17:36:12.011] [INFO] access - GET /public/css/borrower/account.css 304
[2017-08-07 17:36:12.011] [INFO] access - GET /public/css/common/fixedQQ.min.css 304
[2017-08-07 17:36:12.016] [INFO] access - GET /public/js/common/jquery.validate.js 304
[2017-08-07 17:36:12.032] [INFO] access - GET /public/js/common/common.utils.js 304
[2017-08-07 17:36:12.034] [INFO] access - GET /public/js/borrower/recharge.js 304
[2017-08-07 17:36:12.035] [INFO] access - GET /public/js/common/fixedQQ.js 304
[2017-08-07 17:36:12.786] [INFO] access - GET /public/images/icon.png 304
[2017-08-07 17:36:24.858] [INFO] access - POST /online_deposit_finance/prepare 200
[2017-08-07 17:36:24.902] [INFO] access - GET /borrower/eBankRecharge 200
[2017-08-07 17:36:24.930] [INFO] access - GET /public/css/common/fixedQQ.min.css 304
[2017-08-07 17:36:24.930] [INFO] access - GET /public/css/borrower/common.css 304
[2017-08-07 17:36:24.931] [INFO] access - GET /public/css/borrower/account.css 304
[2017-08-07 17:36:24.931] [INFO] access - GET /public/css/common/reset.min.css 304
[2017-08-07 17:36:24.931] [INFO] access - GET /public/js/common/jquery-1.9.1.min.js 304
[2017-08-07 17:36:24.935] [INFO] access - GET /public/js/common/fixedQQ.js 304
[2017-08-07 17:36:27.738] [INFO] access - GET /public/css/common/reset.min.css 304
[2017-08-07 17:36:27.740] [INFO] access - GET /public/css/borrower/common.css 304
[2017-08-07 17:36:27.740] [INFO] access - GET /public/css/borrower/account.css 304
[2017-08-07 17:36:27.741] [INFO] access - GET /public/css/common/fixedQQ.min.css 304
[2017-08-07 17:37:44.127] [INFO] access - GET /borrower/eBankRecharge 200
[2017-08-07 17:37:44.132] [INFO] access - GET /public/css/borrower/account.css?rel=1502098664108 200
[2017-08-07 17:37:44.156] [INFO] access - GET /public/css/borrower/account.css 200
[2017-08-07 17:37:44.158] [INFO] access - GET /public/css/common/fixedQQ.min.css 200
[2017-08-07 17:37:44.158] [INFO] access - GET /public/css/common/reset.min.css 200
[2017-08-07 17:37:44.166] [INFO] access - GET /public/css/borrower/common.css 200
[2017-08-07 17:37:44.172] [INFO] access - GET /public/js/common/jquery-1.9.1.min.js 200
[2017-08-07 17:37:44.215] [INFO] access - GET /public/js/common/fixedQQ.js 200
[2017-08-07 17:37:55.176] [INFO] access - GET /borrower/eBankRecharge 200
[2017-08-07 17:37:55.229] [INFO] access - GET /public/css/common/reset.min.css 200
[2017-08-07 17:37:55.230] [INFO] access - GET /public/css/borrower/common.css 200
[2017-08-07 17:37:55.230] [INFO] access - GET /public/css/common/fixedQQ.min.css 200
[2017-08-07 17:37:55.230] [INFO] access - GET /public/css/borrower/account.css 200
[2017-08-07 17:37:55.231] [INFO] access - GET /public/js/common/jquery-1.9.1.min.js 200
[2017-08-07 17:37:55.281] [INFO] access - GET /public/js/common/fixedQQ.js 200
[2017-08-07 17:38:04.858] [INFO] access - GET /borrower/eBankRecharge 200
[2017-08-07 17:38:04.898] [INFO] access - GET /public/css/common/reset.min.css 200
[2017-08-07 17:38:04.904] [INFO] access - GET /public/css/borrower/common.css 200
[2017-08-07 17:38:04.906] [INFO] access - GET /public/js/common/jquery-1.9.1.min.js 200
[2017-08-07 17:38:04.916] [INFO] access - GET /public/css/borrower/account.css 200
[2017-08-07 17:38:04.918] [INFO] access - GET /public/css/common/fixedQQ.min.css 200
[2017-08-07 17:38:04.979] [INFO] access - GET /public/js/common/fixedQQ.js 200
[2017-08-07 17:38:06.666] [INFO] access - GET /borrower/eBankRecharge 200
[2017-08-07 17:38:06.718] [INFO] access - GET /public/css/common/reset.min.css 200
[2017-08-07 17:38:06.718] [INFO] access - GET /public/css/borrower/common.css 200
[2017-08-07 17:38:06.719] [INFO] access - GET /public/css/common/fixedQQ.min.css 200
[2017-08-07 17:38:06.720] [INFO] access - GET /public/css/borrower/account.css 200
[2017-08-07 17:38:06.721] [INFO] access - GET /public/js/common/jquery-1.9.1.min.js 200
[2017-08-07 17:38:06.747] [INFO] access - GET /public/js/common/fixedQQ.js 200
[2017-08-07 17:38:11.468] [INFO] access - GET /borrower/eBankRecharge 200
[2017-08-07 17:38:11.483] [INFO] access - GET /public/css/common/reset.min.css 200
[2017-08-07 17:38:11.484] [INFO] access - GET /public/css/borrower/account.css 200
[2017-08-07 17:38:11.489] [INFO] access - GET /public/css/borrower/common.css 200
[2017-08-07 17:38:11.489] [INFO] access - GET /public/css/common/fixedQQ.min.css 200
[2017-08-07 17:38:11.506] [INFO] access - GET /public/js/common/jquery-1.9.1.min.js 200
[2017-08-07 17:38:11.641] [INFO] access - GET /public/js/common/fixedQQ.js 200
[2017-08-07 17:38:18.415] [INFO] access - GET /borrower/eBankRecharge 200
[2017-08-07 17:38:18.487] [INFO] access - GET /public/css/common/reset.min.css 200
[2017-08-07 17:38:18.488] [INFO] access - GET /public/css/borrower/common.css 200
[2017-08-07 17:38:18.488] [INFO] access - GET /public/css/common/fixedQQ.min.css 200
[2017-08-07 17:38:18.488] [INFO] access - GET /public/css/borrower/account.css 200
[2017-08-07 17:38:18.490] [INFO] access - GET /public/js/common/jquery-1.9.1.min.js 200
[2017-08-07 17:38:18.514] [INFO] access - GET /public/js/common/fixedQQ.js 200
[2017-08-07 17:38:23.361] [INFO] access - GET /borrower/eBankRecharge 200
[2017-08-07 17:38:23.386] [INFO] access - GET /borrower/eBankRecharge 200
[2017-08-07 17:38:23.510] [INFO] access - GET /public/css/common/reset.min.css 200
[2017-08-07 17:38:23.511] [INFO] access - GET /public/css/borrower/common.css 200
[2017-08-07 17:38:23.511] [INFO] access - GET /public/css/common/fixedQQ.min.css 200
[2017-08-07 17:38:23.511] [INFO] access - GET /public/css/borrower/account.css 200
[2017-08-07 17:38:23.513] [INFO] access - GET /public/js/common/jquery-1.9.1.min.js 200
[2017-08-07 17:38:23.542] [INFO] access - GET /public/js/common/fixedQQ.js 200
[2017-08-07 17:38:31.520] [INFO] access - GET /borrower/eBankRecharge 200
[2017-08-07 17:38:31.553] [INFO] access - GET /public/css/common/reset.min.css 200
[2017-08-07 17:38:31.553] [INFO] access - GET /public/css/borrower/common.css 200
[2017-08-07 17:38:31.554] [INFO] access - GET /public/css/borrower/account.css 200
[2017-08-07 17:38:31.554] [INFO] access - GET /public/css/common/fixedQQ.min.css 200
[2017-08-07 17:38:31.555] [INFO] access - GET /public/js/common/jquery-1.9.1.min.js 200
[2017-08-07 17:38:31.584] [INFO] access - GET /public/js/common/fixedQQ.js 200
[2017-08-07 17:38:31.683] [INFO] access - GET /borrower/eBankRecharge 200
[2017-08-07 17:38:31.699] [INFO] access - GET /public/css/common/reset.min.css 200
[2017-08-07 17:38:31.699] [INFO] access - GET /public/css/borrower/common.css 200
[2017-08-07 17:38:31.700] [INFO] access - GET /public/css/borrower/account.css 200
[2017-08-07 17:38:31.701] [INFO] access - GET /public/js/common/jquery-1.9.1.min.js 200
[2017-08-07 17:38:31.701] [INFO] access - GET /public/css/common/fixedQQ.min.css 200
[2017-08-07 17:38:31.741] [INFO] access - GET /public/js/common/fixedQQ.js 200
[2017-08-07 17:38:51.255] [INFO] access - GET /borrower/eBankRecharge 200
[2017-08-07 17:38:51.292] [INFO] access - GET /public/css/common/reset.min.css 200
[2017-08-07 17:38:51.299] [INFO] access - GET /public/css/borrower/common.css 200
[2017-08-07 17:38:51.317] [INFO] access - GET /public/css/common/fixedQQ.min.css 200
[2017-08-07 17:38:51.317] [INFO] access - GET /public/css/borrower/account.css 200
[2017-08-07 17:38:51.329] [INFO] access - GET /public/js/common/jquery-1.9.1.min.js 200
[2017-08-07 17:38:51.388] [INFO] access - GET /public/js/common/fixedQQ.js 200
[2017-08-07 17:38:53.617] [INFO] access - GET /borrower/eBankRecharge 200
[2017-08-07 17:38:53.647] [INFO] access - GET /public/css/common/reset.min.css 200
[2017-08-07 17:38:53.654] [INFO] access - GET /public/css/borrower/account.css 200
[2017-08-07 17:38:53.655] [INFO] access - GET /public/css/borrower/common.css 200
[2017-08-07 17:38:53.655] [INFO] access - GET /public/css/common/fixedQQ.min.css 200
[2017-08-07 17:38:53.656] [INFO] access - GET /public/js/common/jquery-1.9.1.min.js 200
[2017-08-07 17:38:53.685] [INFO] access - GET /public/js/common/fixedQQ.js 200
[2017-08-07 17:38:54.422] [INFO] access - GET /borrower/eBankRecharge 200
[2017-08-07 17:38:54.437] [INFO] access - GET /public/css/common/reset.min.css 200
[2017-08-07 17:38:54.438] [INFO] access - GET /public/css/borrower/common.css 200
[2017-08-07 17:38:54.442] [INFO] access - GET /public/css/borrower/account.css 200
[2017-08-07 17:38:54.442] [INFO] access - GET /public/css/common/fixedQQ.min.css 200
[2017-08-07 17:38:54.443] [INFO] access - GET /public/js/common/jquery-1.9.1.min.js 200
[2017-08-07 17:38:54.472] [INFO] access - GET /public/js/common/fixedQQ.js 200
[2017-08-07 17:38:54.698] [INFO] access - GET /borrower/eBankRecharge 200
[2017-08-07 17:38:54.715] [INFO] access - GET /public/css/common/reset.min.css 200
[2017-08-07 17:38:54.715] [INFO] access - GET /public/css/borrower/common.css 200
[2017-08-07 17:38:54.716] [INFO] access - GET /public/css/borrower/account.css 200
[2017-08-07 17:38:54.717] [INFO] access - GET /public/css/common/fixedQQ.min.css 200
[2017-08-07 17:38:54.717] [INFO] access - GET /public/js/common/jquery-1.9.1.min.js 200
[2017-08-07 17:38:54.754] [INFO] access - GET /public/js/common/fixedQQ.js 200
[2017-08-07 17:39:07.334] [INFO] access - GET /borrower/eBankRecharge 200
[2017-08-07 17:39:07.369] [INFO] access - GET /public/css/common/reset.min.css 200
[2017-08-07 17:39:07.369] [INFO] access - GET /public/css/borrower/common.css 200
[2017-08-07 17:39:07.369] [INFO] access - GET /public/css/common/fixedQQ.min.css 200
[2017-08-07 17:39:07.370] [INFO] access - GET /public/css/borrower/account.css 200
[2017-08-07 17:39:07.370] [INFO] access - GET /public/js/common/jquery-1.9.1.min.js 200
[2017-08-07 17:39:07.402] [INFO] access - GET /public/js/common/fixedQQ.js 200
[2017-08-07 17:39:19.885] [INFO] access - GET /borrower/eBankRecharge 200
[2017-08-07 17:39:19.922] [INFO] access - GET /public/css/common/reset.min.css 200
[2017-08-07 17:39:19.923] [INFO] access - GET /public/css/borrower/common.css 200
[2017-08-07 17:39:19.923] [INFO] access - GET /public/css/borrower/account.css 200
[2017-08-07 17:39:19.923] [INFO] access - GET /public/js/common/jquery-1.9.1.min.js 200
[2017-08-07 17:39:19.942] [INFO] access - GET /public/css/common/fixedQQ.min.css 200
[2017-08-07 17:39:19.986] [INFO] access - GET /public/js/common/fixedQQ.js 200
[2017-08-07 17:39:22.455] [INFO] access - GET /borrower/eBankRecharge 200
[2017-08-07 17:39:22.474] [INFO] access - GET /public/css/common/reset.min.css 200
[2017-08-07 17:39:22.481] [INFO] access - GET /public/css/borrower/account.css 200
[2017-08-07 17:39:22.482] [INFO] access - GET /public/css/common/fixedQQ.min.css 200
[2017-08-07 17:39:22.483] [INFO] access - GET /public/css/borrower/common.css 200
[2017-08-07 17:39:22.492] [INFO] access - GET /public/js/common/jquery-1.9.1.min.js 200
[2017-08-07 17:39:22.526] [INFO] access - GET /public/js/common/fixedQQ.js 200
[2017-08-07 17:39:22.628] [INFO] access - GET /borrower/eBankRecharge 200
[2017-08-07 17:39:22.644] [INFO] access - GET /public/css/common/reset.min.css 200
[2017-08-07 17:39:22.644] [INFO] access - GET /public/css/borrower/common.css 200
[2017-08-07 17:39:22.646] [INFO] access - GET /public/css/common/fixedQQ.min.css 200
[2017-08-07 17:39:22.649] [INFO] access - GET /public/css/borrower/account.css 200
[2017-08-07 17:39:22.653] [INFO] access - GET /public/js/common/jquery-1.9.1.min.js 200
[2017-08-07 17:39:22.713] [INFO] access - GET /public/js/common/fixedQQ.js 200
[2017-08-07 17:39:26.566] [INFO] access - GET /borrower/eBankRecharge 200
[2017-08-07 17:39:26.596] [INFO] access - GET /public/css/borrower/common.css 200
[2017-08-07 17:39:26.596] [INFO] access - GET /public/css/common/reset.min.css 200
[2017-08-07 17:39:26.597] [INFO] access - GET /public/js/common/jquery-1.9.1.min.js 200
[2017-08-07 17:39:26.609] [INFO] access - GET /public/css/borrower/account.css 200
[2017-08-07 17:39:26.609] [INFO] access - GET /public/css/common/fixedQQ.min.css 200
[2017-08-07 17:39:26.638] [INFO] access - GET /public/js/common/fixedQQ.js 200
[2017-08-07 17:41:20.731] [INFO] access - GET /borrower/recharge 200
[2017-08-07 17:41:20.757] [INFO] access - GET /public/css/common/reset.min.css 200
[2017-08-07 17:41:20.763] [INFO] access - GET /public/css/borrower/common.css 200
[2017-08-07 17:41:20.768] [INFO] access - GET /public/js/common/jquery-1.9.1.min.js 200
[2017-08-07 17:41:20.783] [INFO] access - GET /public/css/common/fixedQQ.min.css 200
[2017-08-07 17:41:20.789] [INFO] access - GET /public/css/borrower/account.css 200
[2017-08-07 17:41:20.810] [INFO] access - GET /public/js/common/fixedQQ.js 200
[2017-08-07 17:41:20.815] [INFO] access - GET /public/js/common/jquery.validate.js 200
[2017-08-07 17:41:20.817] [INFO] access - GET /public/images/icon.png 200
[2017-08-07 17:41:20.824] [INFO] access - GET /public/js/common/common.utils.js 200
[2017-08-07 17:41:20.829] [INFO] access - GET /public/js/borrower/recharge.js 200
[2017-08-07 17:41:22.296] [INFO] access - GET /borrower/ 200
[2017-08-07 17:41:22.323] [INFO] access - GET /public/css/common/reset.min.css 200
[2017-08-07 17:41:22.325] [INFO] access - GET /public/js/common/jquery-1.9.1.min.js 200
[2017-08-07 17:41:22.327] [INFO] access - GET /public/css/borrower/common.css 200
[2017-08-07 17:41:22.330] [INFO] access - GET /public/css/borrower/account.css 200
[2017-08-07 17:41:22.335] [INFO] access - GET /public/css/common/fixedQQ.min.css 200
[2017-08-07 17:41:22.335] [INFO] access - GET /public/css/common/s_pagination.min.css 200
[2017-08-07 17:41:22.345] [INFO] access - GET /public/js/borrower/loginOut.js 200
[2017-08-07 17:41:22.368] [INFO] access - GET /public/js/common/jquery.pagination.js 200
[2017-08-07 17:41:22.369] [INFO] access - GET /public/js/borrower/index.js 200
[2017-08-07 17:41:22.369] [INFO] access - GET /public/js/common/fixedQQ.js 200
[2017-08-07 17:41:22.374] [INFO] access - GET /public/images/icon.png 200
[2017-08-07 17:41:22.381] [INFO] access - GET /public/images/avatar.png 200
[2017-08-07 17:41:22.416] [INFO] access - GET /public/images/cost_pay.jpg 200
[2017-08-07 17:41:22.417] [INFO] access - GET /public/images/cost_overage.png 200
[2017-08-07 17:41:22.506] [INFO] access - POST /bid/bid_list 200
[2017-08-07 17:41:24.479] [INFO] access - GET /borrower/accountDetail 200
[2017-08-07 17:41:24.515] [INFO] access - GET /public/css/common/reset.min.css 200
[2017-08-07 17:41:24.518] [INFO] access - GET /public/css/borrower/common.css 200
[2017-08-07 17:41:24.519] [INFO] access - GET /public/css/borrower/account.css 200
[2017-08-07 17:41:24.519] [INFO] access - GET /public/css/common/s_pagination.min.css 200
[2017-08-07 17:41:24.519] [INFO] access - GET /public/css/common/fixedQQ.min.css 200
[2017-08-07 17:41:24.520] [INFO] access - GET /public/js/common/jquery-1.9.1.min.js 200
[2017-08-07 17:41:24.528] [INFO] access - GET /public/js/borrower/loginOut.js 200
[2017-08-07 17:41:24.557] [INFO] access - GET /public/js/common/fixedQQ.js 200
[2017-08-07 17:41:24.557] [INFO] access - GET /public/js/borrower/accountDetail.js 200
[2017-08-07 17:41:24.558] [INFO] access - GET /public/images/avatar.png 200
[2017-08-07 17:41:24.559] [INFO] access - GET /public/js/common/jquery.pagination.js 200
[2017-08-07 17:41:24.563] [INFO] access - GET /public/images/icon.png 200
[2017-08-07 17:41:24.665] [INFO] access - POST /borrower/account_list 200
[2017-08-07 17:44:32.375] [INFO] access - POST /bid/bid_list 200
[2017-08-07 17:44:39.104] [INFO] access - GET /borrower/ 304
[2017-08-07 17:44:39.140] [INFO] access - GET /public/css/borrower/common.css 304
[2017-08-07 17:44:39.140] [INFO] access - GET /public/js/common/jquery-1.9.1.min.js 304
[2017-08-07 17:44:39.141] [INFO] access - GET /public/css/common/reset.min.css 304
[2017-08-07 17:44:39.142] [INFO] access - GET /public/css/borrower/account.css 304
[2017-08-07 17:44:39.144] [INFO] access - GET /public/css/common/fixedQQ.min.css 304
[2017-08-07 17:44:39.144] [INFO] access - GET /public/css/common/s_pagination.min.css 304
[2017-08-07 17:44:39.151] [INFO] access - GET /public/js/borrower/loginOut.js 304
[2017-08-07 17:44:39.154] [INFO] access - GET /public/js/common/jquery.pagination.js 304
[2017-08-07 17:44:39.161] [INFO] access - GET /public/js/borrower/index.js 304
[2017-08-07 17:44:39.161] [INFO] access - GET /public/js/common/fixedQQ.js 304
[2017-08-07 17:44:39.165] [INFO] access - GET /public/images/avatar.png 304
[2017-08-07 17:44:39.214] [INFO] access - GET /favicon.ico 200
[2017-08-07 17:44:39.216] [INFO] access - POST /bid/bid_list 200
[2017-08-07 17:44:48.513] [INFO] access - GET /borrower/accountDetail 304
[2017-08-07 17:44:48.560] [INFO] access - GET /public/css/common/reset.min.css 304
[2017-08-07 17:44:48.560] [INFO] access - GET /public/css/borrower/common.css 304
[2017-08-07 17:44:48.561] [INFO] access - GET /public/js/common/jquery-1.9.1.min.js 304
[2017-08-07 17:44:48.563] [INFO] access - GET /public/css/common/s_pagination.min.css 304
[2017-08-07 17:44:48.563] [INFO] access - GET /public/css/borrower/account.css 304
[2017-08-07 17:44:48.564] [INFO] access - GET /public/css/common/fixedQQ.min.css 304
[2017-08-07 17:44:48.570] [INFO] access - GET /public/js/borrower/loginOut.js 304
[2017-08-07 17:44:48.575] [INFO] access - GET /public/js/common/jquery.pagination.js 304
[2017-08-07 17:44:48.583] [INFO] access - GET /public/js/borrower/accountDetail.js 304
[2017-08-07 17:44:48.584] [INFO] access - GET /public/js/common/fixedQQ.js 304
[2017-08-07 17:44:48.586] [INFO] access - GET /public/images/avatar.png 304
[2017-08-07 17:44:48.649] [INFO] access - POST /borrower/account_list 200
[2017-08-07 17:46:40.761] [INFO] access - POST /bid/bid_list 200
[2017-08-07 17:46:45.975] [INFO] access - GET /borrower/ 304
[2017-08-07 17:46:46.003] [INFO] access - GET /public/css/common/reset.min.css 304
[2017-08-07 17:46:46.004] [INFO] access - GET /public/js/common/jquery-1.9.1.min.js 304
[2017-08-07 17:46:46.013] [INFO] access - GET /public/css/borrower/account.css 304
[2017-08-07 17:46:46.015] [INFO] access - GET /public/css/common/fixedQQ.min.css 304
[2017-08-07 17:46:46.015] [INFO] access - GET /public/css/borrower/common.css 304
[2017-08-07 17:46:46.015] [INFO] access - GET /public/css/common/s_pagination.min.css 304
[2017-08-07 17:46:46.027] [INFO] access - GET /public/js/common/jquery.pagination.js 304
[2017-08-07 17:46:46.027] [INFO] access - GET /public/js/borrower/loginOut.js 304
[2017-08-07 17:46:46.028] [INFO] access - GET /public/js/borrower/index.js 304
[2017-08-07 17:46:46.028] [INFO] access - GET /public/js/common/fixedQQ.js 304
[2017-08-07 17:46:46.031] [INFO] access - GET /public/images/avatar.png 304
[2017-08-07 17:46:46.082] [INFO] access - POST /bid/bid_list 200
[2017-08-07 17:46:46.090] [INFO] access - GET /favicon.ico 200
[2017-08-07 17:46:51.294] [INFO] access - GET /borrower/ 304
[2017-08-07 17:46:51.330] [INFO] access - GET /public/css/common/reset.min.css 304
[2017-08-07 17:46:51.334] [INFO] access - GET /public/css/borrower/common.css 304
[2017-08-07 17:46:51.335] [INFO] access - GET /public/css/borrower/account.css 304
[2017-08-07 17:46:51.335] [INFO] access - GET /public/css/common/s_pagination.min.css 304
[2017-08-07 17:46:51.336] [INFO] access - GET /public/css/common/fixedQQ.min.css 304
[2017-08-07 17:46:51.338] [INFO] access - GET /public/js/common/jquery-1.9.1.min.js 304
[2017-08-07 17:46:51.342] [INFO] access - GET /public/js/borrower/loginOut.js 304
[2017-08-07 17:46:51.347] [INFO] access - GET /public/js/common/jquery.pagination.js 304
[2017-08-07 17:46:51.353] [INFO] access - GET /public/js/borrower/index.js 304
[2017-08-07 17:46:51.359] [INFO] access - GET /public/js/common/fixedQQ.js 304
[2017-08-07 17:46:51.359] [INFO] access - GET /public/images/avatar.png 304
[2017-08-07 17:46:51.423] [INFO] access - GET /favicon.ico 200
[2017-08-07 17:46:51.430] [INFO] access - POST /bid/bid_list 200
[2017-08-07 17:46:57.682] [INFO] access - GET /borrower/ 304
[2017-08-07 17:46:57.726] [INFO] access - GET /public/css/common/reset.min.css 304
[2017-08-07 17:46:57.726] [INFO] access - GET /public/css/borrower/common.css 304
[2017-08-07 17:46:57.727] [INFO] access - GET /public/css/borrower/account.css 304
[2017-08-07 17:46:57.727] [INFO] access - GET /public/css/common/s_pagination.min.css 304
[2017-08-07 17:46:57.727] [INFO] access - GET /public/css/common/fixedQQ.min.css 304
[2017-08-07 17:46:57.728] [INFO] access - GET /public/js/common/jquery-1.9.1.min.js 304
[2017-08-07 17:46:57.734] [INFO] access - GET /public/js/borrower/loginOut.js 304
[2017-08-07 17:46:57.741] [INFO] access - GET /public/js/common/jquery.pagination.js 304
[2017-08-07 17:46:57.749] [INFO] access - GET /public/js/borrower/index.js 304
[2017-08-07 17:46:57.749] [INFO] access - GET /public/js/common/fixedQQ.js 304
[2017-08-07 17:46:57.749] [INFO] access - GET /public/images/avatar.png 304
[2017-08-07 17:46:57.800] [INFO] access - POST /bid/bid_list 200
[2017-08-07 17:46:57.813] [INFO] access - GET /favicon.ico 200
[2017-08-07 17:47:05.601] [INFO] access - POST /project/project_list 200
[2017-08-07 17:47:07.222] [INFO] access - POST /bid/bid_list 200
[2017-08-07 17:47:09.051] [INFO] access - POST /project/project_list 200
[2017-08-07 17:47:09.742] [INFO] access - POST /bid/bid_list 200
[2017-08-07 17:47:16.500] [INFO] access - GET /borrower/ 200
[2017-08-07 17:47:16.552] [INFO] access - GET /public/css/borrower/account.css 304
[2017-08-07 17:47:16.552] [INFO] access - GET /public/css/common/reset.min.css 304
[2017-08-07 17:47:16.552] [INFO] access - GET /public/js/common/jquery-1.9.1.min.js 304
[2017-08-07 17:47:16.553] [INFO] access - GET /public/css/common/fixedQQ.min.css 304
[2017-08-07 17:47:16.553] [INFO] access - GET /public/css/borrower/common.css 304
[2017-08-07 17:47:16.553] [INFO] access - GET /public/css/common/s_pagination.min.css 304
[2017-08-07 17:47:16.560] [INFO] access - GET /public/js/borrower/loginOut.js 304
[2017-08-07 17:47:16.564] [INFO] access - GET /public/js/common/jquery.pagination.js 304
[2017-08-07 17:47:16.573] [INFO] access - GET /public/js/common/fixedQQ.js 304
[2017-08-07 17:47:16.573] [INFO] access - GET /public/images/avatar.png 304
[2017-08-07 17:47:16.589] [INFO] access - GET /public/js/borrower/index.js 304
[2017-08-07 17:47:16.643] [INFO] access - GET /favicon.ico 200
[2017-08-07 17:47:16.660] [INFO] access - POST /bid/bid_list 200
[2017-08-07 17:47:17.664] [INFO] access - GET /borrower/withdraw 200
[2017-08-07 17:47:17.703] [INFO] access - GET /public/css/common/reset.min.css 304
[2017-08-07 17:47:17.705] [INFO] access - GET /public/css/borrower/common.css 304
[2017-08-07 17:47:17.707] [INFO] access - GET /public/css/common/fixedQQ.min.css 304
[2017-08-07 17:47:17.707] [INFO] access - GET /public/js/common/jquery-1.9.1.min.js 304
[2017-08-07 17:47:17.709] [INFO] access - GET /public/css/borrower/account.css 304
[2017-08-07 17:47:17.713] [INFO] access - GET /public/js/common/jquery.validate.js 304
[2017-08-07 17:47:17.719] [INFO] access - GET /public/js/common/common.utils.js 304
[2017-08-07 17:47:17.723] [INFO] access - GET /public/js/borrower/withdraw.js 304
[2017-08-07 17:47:17.725] [INFO] access - GET /public/images/icon.png 304
[2017-08-07 17:47:17.726] [INFO] access - GET /public/js/common/fixedQQ.js 304
[2017-08-07 17:47:25.008] [INFO] access - POST /borrower/finance_cash/apply 200
[2017-08-07 17:47:29.168] [INFO] access - POST /borrower/finance_cash/confirm 200
[2017-08-07 17:47:29.215] [INFO] access - GET /borrower/withdrawSuccess 200
[2017-08-07 17:47:29.251] [INFO] access - GET /public/css/common/reset.min.css 304
[2017-08-07 17:47:29.252] [INFO] access - GET /public/js/common/jquery-1.9.1.min.js 304
[2017-08-07 17:47:29.252] [INFO] access - GET /public/css/borrower/common.css 304
[2017-08-07 17:47:29.252] [INFO] access - GET /public/css/borrower/account.css 304
[2017-08-07 17:47:29.253] [INFO] access - GET /public/css/common/fixedQQ.min.css 304
[2017-08-07 17:47:29.258] [INFO] access - GET /public/js/common/fixedQQ.js 304
[2017-08-07 17:47:29.271] [INFO] access - GET /public/images/icon.png 304
[2017-08-07 17:47:34.207] [INFO] access - GET /public/css/common/reset.min.css 304
[2017-08-07 17:47:34.208] [INFO] access - GET /public/css/borrower/common.css 304
[2017-08-07 17:47:34.208] [INFO] access - GET /public/css/borrower/account.css 304
[2017-08-07 17:47:34.210] [INFO] access - GET /public/css/common/fixedQQ.min.css 304
[2017-08-07 17:48:00.811] [INFO] access - GET /borrower/ 200
[2017-08-07 17:48:00.845] [INFO] access - GET /public/css/common/reset.min.css 304
[2017-08-07 17:48:00.845] [INFO] access - GET /public/css/borrower/common.css 304
[2017-08-07 17:48:00.845] [INFO] access - GET /public/css/borrower/account.css 304
[2017-08-07 17:48:00.845] [INFO] access - GET /public/css/common/s_pagination.min.css 304
[2017-08-07 17:48:00.846] [INFO] access - GET /public/css/common/fixedQQ.min.css 304
[2017-08-07 17:48:00.847] [INFO] access - GET /public/js/common/jquery-1.9.1.min.js 304
[2017-08-07 17:48:00.854] [INFO] access - GET /public/js/borrower/loginOut.js 304
[2017-08-07 17:48:00.860] [INFO] access - GET /public/js/common/jquery.pagination.js 304
[2017-08-07 17:48:00.864] [INFO] access - GET /public/js/borrower/index.js 304
[2017-08-07 17:48:00.869] [INFO] access - GET /public/js/common/fixedQQ.js 304
[2017-08-07 17:48:00.872] [INFO] access - GET /public/images/avatar.png 304
[2017-08-07 17:48:00.891] [INFO] access - GET /public/images/icon.png 304
[2017-08-07 17:48:00.892] [INFO] access - GET /public/images/cost_overage.png 304
[2017-08-07 17:48:00.896] [INFO] access - GET /public/images/cost_pay.jpg 304
[2017-08-07 17:48:01.001] [INFO] access - POST /bid/bid_list 200
[2017-08-07 17:48:02.365] [ERROR] access - 融资账户不存在from "/wallet/bankcard/list"
[2017-08-07 17:48:02.388] [INFO] access - GET /borrower/recharge 200
[2017-08-07 17:48:02.410] [INFO] access - GET /public/css/common/reset.min.css 304
[2017-08-07 17:48:02.412] [INFO] access - GET /public/css/common/fixedQQ.min.css 304
[2017-08-07 17:48:02.413] [INFO] access - GET /public/js/common/jquery-1.9.1.min.js 304
[2017-08-07 17:48:02.413] [INFO] access - GET /public/js/common/fixedQQ.js 304
[2017-08-07 17:51:00.943] [INFO] access - GET /borrower/withdrawSuccess 200
[2017-08-07 17:51:00.958] [ERROR] access - 会话ID无效from "/wallet/bankcard/list"
[2017-08-07 17:51:00.964] [ERROR] access - error is from "/product/borrower/base_info"
[2017-08-07 17:51:00.985] [INFO] access - GET /borrower/recharge 302
[2017-08-07 17:51:01.129] [INFO] access - GET /public/css/common/reset.min.css 304
[2017-08-07 17:51:01.129] [INFO] access - GET /public/css/borrower/common.css 304
[2017-08-07 17:51:01.129] [INFO] access - GET /public/css/common/fixedQQ.min.css 304
[2017-08-07 17:51:01.130] [INFO] access - GET /public/css/borrower/account.css 304
[2017-08-07 17:51:01.131] [INFO] access - GET /public/js/common/jquery-1.9.1.min.js 304
[2017-08-07 17:51:01.148] [INFO] access - GET /public/js/common/fixedQQ.js 304
[2017-08-07 17:51:01.157] [INFO] access - GET /borrower/login 304
[2017-08-07 17:51:01.197] [INFO] access - GET /public/css/common/reset.min.css 304
[2017-08-07 17:51:01.197] [INFO] access - GET /public/css/borrower/account.css 304
[2017-08-07 17:51:01.197] [INFO] access - GET /public/js/common/jquery-1.9.1.min.js 304
[2017-08-07 17:51:01.198] [INFO] access - GET /public/css/common/fixedQQ.min.css 304
[2017-08-07 17:51:01.206] [INFO] access - GET /public/js/common/jquery.validate.js 304
[2017-08-07 17:51:01.213] [INFO] access - GET /public/js/common/common.utils.js 304
[2017-08-07 17:51:01.217] [INFO] access - GET /public/css/borrower/common.css 304
[2017-08-07 17:51:01.227] [INFO] access - GET /public/images/icon.png 304
[2017-08-07 17:51:01.227] [INFO] access - GET /public/js/borrower/login.js 304
[2017-08-07 17:51:01.232] [INFO] access - GET /public/js/common/fixedQQ.js 304
[2017-08-07 17:51:01.248] [INFO] access - GET /getImg 200
[2017-08-07 17:51:03.687] [INFO] access - GET /borrower/withdrawSuccess 302
[2017-08-07 17:51:03.693] [INFO] access - GET /borrower/login 304
[2017-08-07 17:51:03.770] [INFO] access - GET /borrower/login 304
[2017-08-07 17:51:03.850] [INFO] access - GET /public/css/common/reset.min.css 304
[2017-08-07 17:51:03.850] [INFO] access - GET /public/css/borrower/common.css 304
[2017-08-07 17:51:03.850] [INFO] access - GET /public/css/borrower/account.css 304
[2017-08-07 17:51:03.851] [INFO] access - GET /public/js/common/jquery-1.9.1.min.js 304
[2017-08-07 17:51:03.854] [INFO] access - GET /public/css/common/fixedQQ.min.css 304
[2017-08-07 17:51:03.860] [INFO] access - GET /public/css/common/reset.min.css 304
[2017-08-07 17:51:03.864] [INFO] access - GET /public/js/common/jquery.validate.js 304
[2017-08-07 17:51:03.865] [INFO] access - GET /public/css/borrower/account.css 304
[2017-08-07 17:51:03.865] [INFO] access - GET /public/css/borrower/common.css 304
[2017-08-07 17:51:03.865] [INFO] access - GET /public/js/common/jquery-1.9.1.min.js 304
[2017-08-07 17:51:03.865] [INFO] access - GET /public/css/common/fixedQQ.min.css 304
[2017-08-07 17:51:03.867] [INFO] access - GET /public/js/common/common.utils.js 304
[2017-08-07 17:51:03.873] [INFO] access - GET /public/js/borrower/login.js 304
[2017-08-07 17:51:03.875] [INFO] access - GET /public/js/common/fixedQQ.js 304
[2017-08-07 17:51:03.876] [INFO] access - GET /public/js/common/jquery.validate.js 304
[2017-08-07 17:51:03.906] [INFO] access - GET /getImg 200
[2017-08-07 17:51:03.917] [INFO] access - GET /public/js/common/common.utils.js 304
[2017-08-07 17:51:03.917] [INFO] access - GET /public/js/borrower/login.js 304
[2017-08-07 17:51:03.917] [INFO] access - GET /public/js/common/fixedQQ.js 304
[2017-08-07 17:51:03.938] [INFO] access - GET /getImg 200
[2017-08-07 17:51:36.795] [INFO] access - GET /borrower/login 304
[2017-08-07 17:51:36.853] [INFO] access - GET /public/css/common/reset.min.css 304
[2017-08-07 17:51:36.854] [INFO] access - GET /public/css/borrower/common.css 304
[2017-08-07 17:51:36.854] [INFO] access - GET /public/css/borrower/account.css 304
[2017-08-07 17:51:36.855] [INFO] access - GET /public/css/common/fixedQQ.min.css 304
[2017-08-07 17:51:36.855] [INFO] access - GET /public/js/common/jquery-1.9.1.min.js 304
[2017-08-07 17:51:36.857] [INFO] access - GET /borrower/login 304
[2017-08-07 17:51:37.093] [INFO] access - GET /public/js/common/jquery.validate.js 304
[2017-08-07 17:51:37.094] [INFO] access - GET /public/js/common/common.utils.js 304
[2017-08-07 17:51:37.094] [INFO] access - GET /public/js/borrower/login.js 304
[2017-08-07 17:51:37.095] [INFO] access - GET /public/js/common/fixedQQ.js 304
[2017-08-07 17:51:37.105] [INFO] access - GET /public/css/common/reset.min.css 304
[2017-08-07 17:51:37.108] [INFO] access - GET /public/css/borrower/common.css 304
[2017-08-07 17:51:37.109] [INFO] access - GET /public/css/borrower/account.css 304
[2017-08-07 17:51:37.111] [INFO] access - GET /public/css/common/fixedQQ.min.css 304
[2017-08-07 17:51:37.113] [INFO] access - GET /public/js/common/jquery-1.9.1.min.js 304
[2017-08-07 17:51:37.116] [INFO] access - GET /public/js/common/jquery.validate.js 304
[2017-08-07 17:51:37.119] [INFO] access - GET /public/js/common/common.utils.js 304
[2017-08-07 17:51:37.126] [INFO] access - GET /public/js/borrower/login.js 304
[2017-08-07 17:51:37.127] [INFO] access - GET /public/js/common/fixedQQ.js 304
[2017-08-07 17:51:37.150] [INFO] access - GET /getImg 200
[2017-08-07 17:51:37.171] [INFO] access - GET /getImg 200
[2017-08-07 17:51:44.315] [INFO] access - GET /borrower/login 304
[2017-08-07 17:51:44.382] [INFO] access - GET /public/css/common/reset.min.css 304
[2017-08-07 17:51:44.383] [INFO] access - GET /public/css/borrower/common.css 304
[2017-08-07 17:51:44.383] [INFO] access - GET /public/css/borrower/account.css 304
[2017-08-07 17:51:44.383] [INFO] access - GET /public/css/common/fixedQQ.min.css 304
[2017-08-07 17:51:44.386] [INFO] access - GET /public/js/common/jquery-1.9.1.min.js 304
[2017-08-07 17:51:44.386] [INFO] access - GET /borrower/login 304
[2017-08-07 17:51:44.610] [INFO] access - GET /public/js/common/jquery.validate.js 304
[2017-08-07 17:51:44.611] [INFO] access - GET /public/js/common/common.utils.js 304
[2017-08-07 17:51:44.611] [INFO] access - GET /public/js/borrower/login.js 304
[2017-08-07 17:51:44.611] [INFO] access - GET /public/js/common/fixedQQ.js 304
[2017-08-07 17:51:44.616] [INFO] access - GET /public/css/common/reset.min.css 304
[2017-08-07 17:51:44.620] [INFO] access - GET /public/css/borrower/common.css 304
[2017-08-07 17:51:44.621] [INFO] access - GET /public/css/borrower/account.css 304
[2017-08-07 17:51:44.621] [INFO] access - GET /public/css/common/fixedQQ.min.css 304
[2017-08-07 17:51:44.622] [INFO] access - GET /public/js/common/jquery-1.9.1.min.js 304
[2017-08-07 17:51:44.625] [INFO] access - GET /getImg 200
[2017-08-07 17:51:44.628] [INFO] access - GET /public/js/common/jquery.validate.js 304
[2017-08-07 17:51:44.639] [INFO] access - GET /public/js/borrower/login.js 304
[2017-08-07 17:51:44.640] [INFO] access - GET /public/js/common/common.utils.js 304
[2017-08-07 17:51:44.640] [INFO] access - GET /public/js/common/fixedQQ.js 304
[2017-08-07 17:51:44.653] [INFO] access - GET /getImg 200
[2017-08-07 17:51:52.888] [INFO] access - GET /borrower/login 304
[2017-08-07 17:51:52.944] [INFO] access - GET /public/css/borrower/account.css 304
[2017-08-07 17:51:52.945] [INFO] access - GET /public/css/borrower/common.css 304
[2017-08-07 17:51:52.945] [INFO] access - GET /public/css/common/fixedQQ.min.css 304
[2017-08-07 17:51:52.948] [INFO] access - GET /public/css/common/reset.min.css 304
[2017-08-07 17:51:52.948] [INFO] access - GET /borrower/login 304
[2017-08-07 17:51:52.992] [INFO] access - GET /public/js/common/jquery-1.9.1.min.js 304
[2017-08-07 17:51:53.116] [INFO] access - GET /public/js/common/jquery.validate.js 304
[2017-08-07 17:51:53.117] [INFO] access - GET /public/css/common/reset.min.css 304
[2017-08-07 17:51:53.117] [INFO] access - GET /public/css/borrower/common.css 304
[2017-08-07 17:51:53.117] [INFO] access - GET /public/css/borrower/account.css 304
[2017-08-07 17:51:53.117] [INFO] access - GET /public/css/common/fixedQQ.min.css 304
[2017-08-07 17:51:53.117] [INFO] access - GET /public/js/common/jquery-1.9.1.min.js 304
[2017-08-07 17:51:53.141] [INFO] access - GET /public/js/common/common.utils.js 304
[2017-08-07 17:51:53.142] [INFO] access - GET /public/js/common/fixedQQ.js 304
[2017-08-07 17:51:53.142] [INFO] access - GET /public/js/borrower/login.js 304
[2017-08-07 17:51:53.142] [INFO] access - GET /public/js/common/jquery.validate.js 304
[2017-08-07 17:51:53.153] [INFO] access - GET /public/js/common/common.utils.js 304
[2017-08-07 17:51:53.154] [INFO] access - GET /public/js/common/fixedQQ.js 304
[2017-08-07 17:51:53.154] [INFO] access - GET /public/js/borrower/login.js 304
[2017-08-07 17:51:53.160] [INFO] access - GET /getImg 200
[2017-08-07 17:51:53.175] [INFO] access - GET /getImg 200
[2017-08-07 17:51:59.564] [INFO] access - GET /borrower/login 304
[2017-08-07 17:51:59.609] [INFO] access - GET /borrower/login 304
[2017-08-07 17:51:59.670] [INFO] access - GET /public/css/common/reset.min.css 304
[2017-08-07 17:51:59.670] [INFO] access - GET /public/css/borrower/common.css 304
[2017-08-07 17:51:59.671] [INFO] access - GET /public/css/borrower/account.css 304
[2017-08-07 17:51:59.671] [INFO] access - GET /public/css/common/fixedQQ.min.css 304
[2017-08-07 17:51:59.770] [INFO] access - GET /public/js/common/jquery-1.9.1.min.js 304
[2017-08-07 17:51:59.810] [INFO] access - GET /public/css/common/reset.min.css 304
[2017-08-07 17:51:59.813] [INFO] access - GET /public/css/borrower/common.css 304
[2017-08-07 17:51:59.814] [INFO] access - GET /public/css/borrower/account.css 304
[2017-08-07 17:51:59.814] [INFO] access - GET /public/css/common/fixedQQ.min.css 304
[2017-08-07 17:51:59.814] [INFO] access - GET /public/js/common/jquery-1.9.1.min.js 304
[2017-08-07 17:51:59.815] [INFO] access - GET /public/js/common/jquery.validate.js 304
[2017-08-07 17:51:59.821] [INFO] access - GET /public/js/common/common.utils.js 304
[2017-08-07 17:51:59.839] [INFO] access - GET /public/js/borrower/login.js 304
[2017-08-07 17:51:59.840] [INFO] access - GET /public/js/common/fixedQQ.js 304
[2017-08-07 17:51:59.840] [INFO] access - GET /public/js/common/jquery.validate.js 304
[2017-08-07 17:51:59.846] [INFO] access - GET /public/js/common/common.utils.js 304
[2017-08-07 17:51:59.853] [INFO] access - GET /public/js/borrower/login.js 304
[2017-08-07 17:51:59.854] [INFO] access - GET /getImg 200
[2017-08-07 17:51:59.859] [INFO] access - GET /public/js/common/fixedQQ.js 304
[2017-08-07 17:51:59.874] [INFO] access - GET /getImg 200
[2017-08-07 17:52:05.354] [INFO] access - GET /borrower/login 304
[2017-08-07 17:52:05.421] [INFO] access - GET /borrower/login 304
[2017-08-07 17:52:05.444] [INFO] access - GET /public/css/common/reset.min.css 304
[2017-08-07 17:52:05.444] [INFO] access - GET /public/css/borrower/common.css 304
[2017-08-07 17:52:05.444] [INFO] access - GET /public/css/borrower/account.css 304
[2017-08-07 17:52:05.444] [INFO] access - GET /public/js/common/jquery-1.9.1.min.js 304
[2017-08-07 17:52:05.577] [INFO] access - GET /public/css/common/fixedQQ.min.css 304
[2017-08-07 17:52:05.691] [INFO] access - GET /public/js/common/jquery.validate.js 304
[2017-08-07 17:52:05.692] [INFO] access - GET /public/css/common/reset.min.css 304
[2017-08-07 17:52:05.692] [INFO] access - GET /public/css/borrower/common.css 304
[2017-08-07 17:52:05.692] [INFO] access - GET /public/css/borrower/account.css 304
[2017-08-07 17:52:05.693] [INFO] access - GET /public/js/common/jquery-1.9.1.min.js 304
[2017-08-07 17:52:05.694] [INFO] access - GET /public/css/common/fixedQQ.min.css 304
[2017-08-07 17:52:05.708] [INFO] access - GET /public/js/common/fixedQQ.js 304
[2017-08-07 17:52:05.709] [INFO] access - GET /public/js/common/common.utils.js 304
[2017-08-07 17:52:05.709] [INFO] access - GET /public/js/borrower/login.js 304
[2017-08-07 17:52:05.710] [INFO] access - GET /public/js/common/jquery.validate.js 304
[2017-08-07 17:52:05.719] [INFO] access - GET /public/js/borrower/login.js 304
[2017-08-07 17:52:05.719] [INFO] access - GET /public/js/common/fixedQQ.js 304
[2017-08-07 17:52:05.720] [INFO] access - GET /public/js/common/common.utils.js 304
[2017-08-07 17:52:05.723] [INFO] access - GET /getImg 200
[2017-08-07 17:52:05.750] [INFO] access - GET /getImg 200
[2017-08-07 17:52:58.822] [INFO] access - POST /borrower_login 200
[2017-08-07 17:52:59.882] [INFO] access - GET /borrower/ 304
[2017-08-07 17:52:59.912] [INFO] access - GET /public/css/borrower/common.css 304
[2017-08-07 17:52:59.912] [INFO] access - GET /public/css/borrower/account.css 304
[2017-08-07 17:52:59.913] [INFO] access - GET /public/js/common/jquery-1.9.1.min.js 304
[2017-08-07 17:52:59.914] [INFO] access - GET /public/css/common/fixedQQ.min.css 304
[2017-08-07 17:52:59.915] [INFO] access - GET /public/css/common/reset.min.css 304
[2017-08-07 17:52:59.916] [INFO] access - GET /public/css/common/s_pagination.min.css 304
[2017-08-07 17:52:59.920] [INFO] access - GET /public/js/borrower/loginOut.js 304
[2017-08-07 17:52:59.926] [INFO] access - GET /public/js/common/jquery.pagination.js 304
[2017-08-07 17:52:59.933] [INFO] access - GET /public/js/borrower/index.js 304
[2017-08-07 17:52:59.933] [INFO] access - GET /public/images/avatar.png 304
[2017-08-07 17:52:59.934] [INFO] access - GET /public/js/common/fixedQQ.js 304
[2017-08-07 17:52:59.947] [INFO] access - GET /public/images/icon.png 304
[2017-08-07 17:52:59.947] [INFO] access - GET /public/images/cost_pay.jpg 304
[2017-08-07 17:52:59.950] [INFO] access - GET /public/images/cost_overage.png 304
[2017-08-07 17:52:59.996] [INFO] access - POST /bid/bid_list 200
[2017-08-07 17:53:01.310] [ERROR] access - 融资账户不存在from "/wallet/bankcard/list"
[2017-08-07 17:53:01.325] [INFO] access - GET /borrower/recharge 200
[2017-08-07 17:53:01.347] [INFO] access - GET /public/css/common/fixedQQ.min.css 304
[2017-08-07 17:53:01.347] [INFO] access - GET /public/css/common/reset.min.css 304
[2017-08-07 17:53:01.347] [INFO] access - GET /public/js/common/jquery-1.9.1.min.js 304
[2017-08-07 17:53:01.348] [INFO] access - GET /public/js/common/fixedQQ.js 304
[2017-08-07 17:53:02.633] [INFO] access - POST /bid/bid_list 200
[2017-08-07 17:53:10.053] [INFO] access - GET /borrower/withdrawSuccess 200
[2017-08-07 17:53:10.078] [INFO] access - GET /public/css/common/reset.min.css 304
[2017-08-07 17:53:10.079] [INFO] access - GET /public/js/common/jquery-1.9.1.min.js 304
[2017-08-07 17:53:10.079] [INFO] access - GET /public/css/borrower/common.css 304
[2017-08-07 17:53:10.080] [INFO] access - GET /public/css/borrower/account.css 304
[2017-08-07 17:53:10.080] [INFO] access - GET /public/css/common/fixedQQ.min.css 304
[2017-08-07 17:53:10.084] [INFO] access - GET /public/js/common/fixedQQ.js 304
[2017-08-07 17:53:48.602] [INFO] access - POST /bid/bid_list 200
[2017-08-07 17:53:52.200] [INFO] access - GET /borrower/ 200
[2017-08-07 17:53:52.232] [INFO] access - GET /public/css/common/reset.min.css 304
[2017-08-07 17:53:52.233] [INFO] access - GET /public/css/borrower/common.css 304
[2017-08-07 17:53:52.233] [INFO] access - GET /public/css/borrower/account.css 304
[2017-08-07 17:53:52.234] [INFO] access - GET /public/js/common/jquery-1.9.1.min.js 304
[2017-08-07 17:53:52.234] [INFO] access - GET /public/css/common/s_pagination.min.css 304
[2017-08-07 17:53:52.234] [INFO] access - GET /public/css/common/fixedQQ.min.css 304
[2017-08-07 17:53:52.239] [INFO] access - GET /public/js/borrower/loginOut.js 304
[2017-08-07 17:53:52.247] [INFO] access - GET /public/js/common/jquery.pagination.js 304
[2017-08-07 17:53:52.247] [INFO] access - GET /public/js/borrower/index.js 304
[2017-08-07 17:53:52.247] [INFO] access - GET /public/js/common/fixedQQ.js 304
[2017-08-07 17:53:52.248] [INFO] access - GET /public/images/avatar.png 304
[2017-08-07 17:53:52.294] [INFO] access - POST /bid/bid_list 200
[2017-08-07 17:53:52.314] [INFO] access - GET /favicon.ico 200
[2017-08-07 17:54:25.273] [INFO] access - GET /public/css/borrower/account.css?rel=1502099665267 200
[2017-08-07 17:54:25.284] [INFO] access - GET /public/images/cost_pay.jpg 304
[2017-08-07 17:54:25.284] [INFO] access - GET /public/images/cost_overage.png 304
[2017-08-07 17:54:26.429] [INFO] access - GET /borrower/ 200
[2017-08-07 17:54:26.460] [INFO] access - GET /public/css/common/reset.min.css 304
[2017-08-07 17:54:26.460] [INFO] access - GET /public/css/borrower/common.css 304
[2017-08-07 17:54:26.463] [INFO] access - GET /public/js/common/jquery-1.9.1.min.js 304
[2017-08-07 17:54:26.463] [INFO] access - GET /public/css/common/s_pagination.min.css 304
[2017-08-07 17:54:26.463] [INFO] access - GET /public/css/common/fixedQQ.min.css 304
[2017-08-07 17:54:26.464] [INFO] access - GET /public/css/borrower/account.css 200
[2017-08-07 17:54:26.468] [INFO] access - GET /public/js/borrower/loginOut.js 304
[2017-08-07 17:54:26.480] [INFO] access - GET /public/js/common/jquery.pagination.js 304
[2017-08-07 17:54:26.484] [INFO] access - GET /public/js/common/fixedQQ.js 304
[2017-08-07 17:54:26.494] [INFO] access - GET /public/js/borrower/index.js 304
[2017-08-07 17:54:26.497] [INFO] access - GET /public/images/cost_overage.png 304
[2017-08-07 17:54:26.499] [INFO] access - GET /public/images/cost_pay.jpg 304
[2017-08-07 17:54:26.501] [INFO] access - GET /public/images/avatar.png 304
[2017-08-07 17:54:26.548] [INFO] access - POST /bid/bid_list 200
